# JRE version: OpenJDK Runtime Environment (8.0_152-b01) (build 1.8.0_152-release-915-b01)
# Java VM: OpenJDK 64-Bit Server VM (25.152-b01 mixed mode linux-amd64 compressed oops)
Heap:
 PSYoungGen      total 374272K, used 39400K [0x00000000e0000000, 0x00000000f9400000, 0x0000000100000000)
  eden space 334848K, 0% used [0x00000000e0000000,0x00000000e0000000,0x00000000f4700000)
  from space 39424K, 99% used [0x00000000f4700000,0x00000000f6d7a108,0x00000000f6d80000)
  to   space 25088K, 0% used [0x00000000f7180000,0x00000000f7180000,0x00000000f8a00000)
 ParOldGen       total 125952K, used 113817K [0x00000000a0000000, 0x00000000a7b00000, 0x00000000e0000000)
  object space 125952K, 90% used [0x00000000a0000000,0x00000000a6f26590,0x00000000a7b00000)
 Metaspace       used 63710K, capacity 65934K, committed 66136K, reserved 1105920K
  class space    used 8316K, capacity 8805K, committed 8832K, reserved 1048576K
GC Heap History (10 events):
Event: 7.158 GC heap after
Heap after GC invocations=11 (full 2):
 PSYoungGen      total 210944K, used 11748K [0x00000000e0000000, 0x00000000f2880000, 0x0000000100000000)
  eden space 199168K, 0% used [0x00000000e0000000,0x00000000e0000000,0x00000000ec280000)
  from space 11776K, 99% used [0x00000000ec280000,0x00000000ecdf9118,0x00000000ece00000)
  to   space 15360K, 0% used [0x00000000f1980000,0x00000000f1980000,0x00000000f2880000)
 ParOldGen       total 69120K, used 20160K [0x00000000a0000000, 0x00000000a4380000, 0x00000000e0000000)
  object space 69120K, 29% used [0x00000000a0000000,0x00000000a13b0100,0x00000000a4380000)
 Metaspace       used 46050K, capacity 47040K, committed 47192K, reserved 1089536K
  class space    used 6160K, capacity 6473K, committed 6528K, reserved 1048576K
}
Event: 10.037 GC heap before
{Heap before GC invocations=12 (full 2):
 PSYoungGen      total 210944K, used 210916K [0x00000000e0000000, 0x00000000f2880000, 0x0000000100000000)
  eden space 199168K, 100% used [0x00000000e0000000,0x00000000ec280000,0x00000000ec280000)
  from space 11776K, 99% used [0x00000000ec280000,0x00000000ecdf9118,0x00000000ece00000)
  to   space 15360K, 0% used [0x00000000f1980000,0x00000000f1980000,0x00000000f2880000)
 ParOldGen       total 69120K, used 20160K [0x00000000a0000000, 0x00000000a4380000, 0x00000000e0000000)
  object space 69120K, 29% used [0x00000000a0000000,0x00000000a13b0100,0x00000000a4380000)
 Metaspace       used 54819K, capacity 56826K, committed 57048K, reserved 1097728K
  class space    used 7363K, capacity 7831K, committed 7936K, reserved 1048576K
Event: 10.060 GC heap after
Heap after GC invocations=12 (full 2):
 PSYoungGen      total 278528K, used 15328K [0x00000000e0000000, 0x00000000f3680000, 0x0000000100000000)
  eden space 263168K, 0% used [0x00000000e0000000,0x00000000e0000000,0x00000000f0100000)
  from space 15360K, 99% used [0x00000000f1980000,0x00000000f2878210,0x00000000f2880000)
  to   space 25088K, 0% used [0x00000000f0100000,0x00000000f0100000,0x00000000f1980000)
 ParOldGen       total 69120K, used 41095K [0x00000000a0000000, 0x00000000a4380000, 0x00000000e0000000)
  object space 69120K, 59% used [0x00000000a0000000,0x00000000a2821c88,0x00000000a4380000)
 Metaspace       used 54819K, capacity 56826K, committed 57048K, reserved 1097728K
  class space    used 7363K, capacity 7831K, committed 7936K, reserved 1048576K
}
Event: 10.922 GC heap before
{Heap before GC invocations=13 (full 2):
 PSYoungGen      total 278528K, used 107056K [0x00000000e0000000, 0x00000000f3680000, 0x0000000100000000)
  eden space 263168K, 34% used [0x00000000e0000000,0x00000000e59941b8,0x00000000f0100000)
  from space 15360K, 99% used [0x00000000f1980000,0x00000000f2878210,0x00000000f2880000)
  to   space 25088K, 0% used [0x00000000f0100000,0x00000000f0100000,0x00000000f1980000)
 ParOldGen       total 69120K, used 41095K [0x00000000a0000000, 0x00000000a4380000, 0x00000000e0000000)
  object space 69120K, 59% used [0x00000000a0000000,0x00000000a2821c88,0x00000000a4380000)
 Metaspace       used 56812K, capacity 58908K, committed 59028K, reserved 1099776K
  class space    used 7589K, capacity 8074K, committed 8192K, reserved 1048576K
Event: 10.940 GC heap after
Heap after GC invocations=13 (full 2):
 PSYoungGen      total 288256K, used 4312K [0x00000000e0000000, 0x00000000f8a00000, 0x0000000100000000)
  eden space 263168K, 0% used [0x00000000e0000000,0x00000000e0000000,0x00000000f0100000)
  from space 25088K, 17% used [0x00000000f0100000,0x00000000f0536348,0x00000000f1980000)
  to   space 25088K, 0% used [0x00000000f7180000,0x00000000f7180000,0x00000000f8a00000)
 ParOldGen       total 69120K, used 56509K [0x00000000a0000000, 0x00000000a4380000, 0x00000000e0000000)
  object space 69120K, 81% used [0x00000000a0000000,0x00000000a372f7f0,0x00000000a4380000)
 Metaspace       used 56812K, capacity 58908K, committed 59028K, reserved 1099776K
  class space    used 7589K, capacity 8074K, committed 8192K, reserved 1048576K
}
Event: 10.940 GC heap before
{Heap before GC invocations=14 (full 3):
 PSYoungGen      total 288256K, used 4312K [0x00000000e0000000, 0x00000000f8a00000, 0x0000000100000000)
  eden space 263168K, 0% used [0x00000000e0000000,0x00000000e0000000,0x00000000f0100000)
  from space 25088K, 17% used [0x00000000f0100000,0x00000000f0536348,0x00000000f1980000)
  to   space 25088K, 0% used [0x00000000f7180000,0x00000000f7180000,0x00000000f8a00000)
 ParOldGen       total 69120K, used 56509K [0x00000000a0000000, 0x00000000a4380000, 0x00000000e0000000)
  object space 69120K, 81% used [0x00000000a0000000,0x00000000a372f7f0,0x00000000a4380000)
 Metaspace       used 56812K, capacity 58908K, committed 59028K, reserved 1099776K
  class space    used 7589K, capacity 8074K, committed 8192K, reserved 1048576K
Event: 11.142 GC heap after
Heap after GC invocations=14 (full 3):
 PSYoungGen      total 288256K, used 0K [0x00000000e0000000, 0x00000000f8a00000, 0x0000000100000000)
  eden space 263168K, 0% used [0x00000000e0000000,0x00000000e0000000,0x00000000f0100000)
  from space 25088K, 0% used [0x00000000f0100000,0x00000000f0100000,0x00000000f1980000)
  to   space 25088K, 0% used [0x00000000f7180000,0x00000000f7180000,0x00000000f8a00000)
 ParOldGen       total 125952K, used 43478K [0x00000000a0000000, 0x00000000a7b00000, 0x00000000e0000000)
  object space 125952K, 34% used [0x00000000a0000000,0x00000000a2a75958,0x00000000a7b00000)
 Metaspace       used 56807K, capacity 58890K, committed 59028K, reserved 1099776K
  class space    used 7588K, capacity 8071K, committed 8192K, reserved 1048576K
}
Event: 13.877 GC heap before
{Heap before GC invocations=15 (full 3):
 PSYoungGen      total 288256K, used 263168K [0x00000000e0000000, 0x00000000f8a00000, 0x0000000100000000)
  eden space 263168K, 100% used [0x00000000e0000000,0x00000000f0100000,0x00000000f0100000)
  from space 25088K, 0% used [0x00000000f0100000,0x00000000f0100000,0x00000000f1980000)
  to   space 25088K, 0% used [0x00000000f7180000,0x00000000f7180000,0x00000000f8a00000)
 ParOldGen       total 125952K, used 43478K [0x00000000a0000000, 0x00000000a7b00000, 0x00000000e0000000)
  object space 125952K, 34% used [0x00000000a0000000,0x00000000a2a75958,0x00000000a7b00000)
 Metaspace       used 62703K, capacity 64892K, committed 65112K, reserved 1105920K
  class space    used 8241K, capacity 8738K, committed 8832K, reserved 1048576K
Event: 13.909 GC heap after
Heap after GC invocations=15 (full 3):
 PSYoungGen      total 359936K, used 25066K [0x00000000e0000000, 0x00000000f9400000, 0x0000000100000000)
  eden space 334848K, 0% used [0x00000000e0000000,0x00000000e0000000,0x00000000f4700000)
  from space 25088K, 99% used [0x00000000f7180000,0x00000000f89fa908,0x00000000f8a00000)
  to   space 39424K, 0% used [0x00000000f4700000,0x00000000f4700000,0x00000000f6d80000)
 ParOldGen       total 125952K, used 71456K [0x00000000a0000000, 0x00000000a7b00000, 0x00000000e0000000)
  object space 125952K, 56% used [0x00000000a0000000,0x00000000a45c83e8,0x00000000a7b00000)
 Metaspace       used 62703K, capacity 64892K, committed 65112K, reserved 1105920K
  class space    used 8241K, capacity 8738K, committed 8832K, reserved 1048576K
}
Event: 14.994 GC heap before
{Heap before GC invocations=16 (full 3):
 PSYoungGen      total 359936K, used 359914K [0x00000000e0000000, 0x00000000f9400000, 0x0000000100000000)
  eden space 334848K, 100% used [0x00000000e0000000,0x00000000f4700000,0x00000000f4700000)
  from space 25088K, 99% used [0x00000000f7180000,0x00000000f89fa908,0x00000000f8a00000)
  to   space 39424K, 0% used [0x00000000f4700000,0x00000000f4700000,0x00000000f6d80000)
 ParOldGen       total 125952K, used 71456K [0x00000000a0000000, 0x00000000a7b00000, 0x00000000e0000000)
  object space 125952K, 56% used [0x00000000a0000000,0x00000000a45c83e8,0x00000000a7b00000)
 Metaspace       used 63710K, capacity 65934K, committed 66136K, reserved 1105920K
  class space    used 8316K, capacity 8805K, committed 8832K, reserved 1048576K

